
# nThread 1 nGpus 2 minBytes 31520194 maxBytes 31520194 step: 1048576(bytes) warmup iters: 4 iters: 40 validation: 1 
#
# Using devices
#   Rank  0 Pid    801 on         x0 device  0 [0x05] NVIDIA GeForce GTX 1080
#   Rank  1 Pid    801 on         x0 device  1 [0x06] NVIDIA GeForce GTX 1080
#
#                                                       out-of-place                       in-place          
#       size         count      type   redop     time   algbw   busbw  error     time   algbw   busbw  error
#        (B)    (elements)                       (us)  (GB/s)  (GB/s)            (us)  (GB/s)  (GB/s)       
    31520192       7880048     int32     sum   2655.8   11.87   11.87  0e+00   2653.5   11.88   11.88  0e+00
# Out of bounds values : 0 OK
# Avg bus bandwidth    : 11.8736 




# nThread 1 nGpus 2 minBytes 5033164 maxBytes 5033164 step: 1048576(bytes) warmup iters: 4 iters: 40 validation: 1 
#
# Using devices
#   Rank  0 Pid    312 on         x0 device  0 [0x05] NVIDIA GeForce GTX 1080
#   Rank  1 Pid    312 on         x0 device  1 [0x06] NVIDIA GeForce GTX 1080
#
#                                                       out-of-place                       in-place          
#       size         count      type   redop     time   algbw   busbw  error     time   algbw   busbw  error
#        (B)    (elements)                       (us)  (GB/s)  (GB/s)            (us)  (GB/s)  (GB/s)       
     5033164       1258291     int32     sum    436.0   11.54   11.54  0e+00    436.2   11.54   11.54  0e+00
# Out of bounds values : 0 OK
# Avg bus bandwidth    : 11.5409 